d:\development\engenhoirreal\xennonclone\x64\debug\engenhoirrealxvii.pdb
d:\development\engenhoirreal\xennonclone\x64\debug\engenhoirrealxvii.idb
d:\development\engenhoirreal\xennonclone\engine\x64\debug\sdlwrapper.obj
d:\development\engenhoirreal\xennonclone\engine\x64\debug\rendercomponent.obj
d:\development\engenhoirreal\xennonclone\engine\x64\debug\physicsworld.obj
d:\development\engenhoirreal\xennonclone\engine\x64\debug\physicscomponent.obj
d:\development\engenhoirreal\xennonclone\engine\x64\debug\pawn.obj
d:\development\engenhoirreal\xennonclone\engine\x64\debug\parallaxcomponent.obj
d:\development\engenhoirreal\xennonclone\engine\x64\debug\mathhelper.obj
d:\development\engenhoirreal\xennonclone\engine\x64\debug\instancecounter.obj
d:\development\engenhoirreal\xennonclone\engine\x64\debug\input.obj
d:\development\engenhoirreal\xennonclone\engine\x64\debug\initerror.obj
d:\development\engenhoirreal\xennonclone\engine\x64\debug\healthcomponent.obj
d:\development\engenhoirreal\xennonclone\engine\x64\debug\gameworld.obj
d:\development\engenhoirreal\xennonclone\engine\x64\debug\gameobject.obj
d:\development\engenhoirreal\xennonclone\engine\x64\debug\gameengine.obj
d:\development\engenhoirreal\xennonclone\engine\x64\debug\contactlistener.obj
d:\development\engenhoirreal\xennonclone\engine\x64\debug\component.obj
d:\development\engenhoirreal\xennonclone\engine\x64\debug\collisioncomponent.obj
d:\development\engenhoirreal\xennonclone\engine\x64\debug\circlecollision.obj
d:\development\engenhoirreal\xennonclone\engine\x64\debug\audiosystem.obj
d:\development\engenhoirreal\xennonclone\engine\x64\debug\animationcomponent.obj
d:\development\engenhoirreal\xennonclone\engine\x64\debug\window.obj
d:\development\engenhoirreal\xennonclone\engine\x64\debug\viewportcollision.obj
d:\development\engenhoirreal\xennonclone\engine\x64\debug\timermanager.obj
d:\development\engenhoirreal\xennonclone\engine\x64\debug\texturemanager.obj
d:\development\engenhoirreal\xennonclone\engine\x64\debug\squarecollision.obj
d:\development\engenhoirreal\xennonclone\engine\x64\debug\sprite.obj
d:\development\engenhoirreal\xennonclone\engine\x64\debug\audioclip.obj
d:\development\engenhoirreal\xennonclone\x64\debug\engenhoirrealxvii.lib
d:\development\engenhoirreal\xennonclone\engine\x64\debug\engenhoi.92de34ec.tlog\cl.command.1.tlog
d:\development\engenhoirreal\xennonclone\engine\x64\debug\engenhoi.92de34ec.tlog\cl.read.1.tlog
d:\development\engenhoirreal\xennonclone\engine\x64\debug\engenhoi.92de34ec.tlog\cl.write.1.tlog
d:\development\engenhoirreal\xennonclone\engine\x64\debug\engenhoi.92de34ec.tlog\lib-link.read.1.tlog
d:\development\engenhoirreal\xennonclone\engine\x64\debug\engenhoi.92de34ec.tlog\lib-link.write.1.tlog
d:\development\engenhoirreal\xennonclone\engine\x64\debug\engenhoi.92de34ec.tlog\lib.command.1.tlog
