c:\users\diogo\documents\github\engenhoirreal\xennonclone\game\x64\debug\vc143.pdb
c:\users\diogo\documents\github\engenhoirreal\xennonclone\game\x64\debug\vc143.idb
c:\users\diogo\documents\github\engenhoirreal\xennonclone\game\x64\debug\xennongameworld.obj
c:\users\diogo\documents\github\engenhoirreal\xennonclone\game\x64\debug\xennonclone.obj
c:\users\diogo\documents\github\engenhoirreal\xennonclone\game\x64\debug\staticbackground.obj
c:\users\diogo\documents\github\engenhoirreal\xennonclone\game\x64\debug\rusher.obj
c:\users\diogo\documents\github\engenhoirreal\xennonclone\game\x64\debug\rocksbackground.obj
c:\users\diogo\documents\github\engenhoirreal\xennonclone\game\x64\debug\playerbullet.obj
c:\users\diogo\documents\github\engenhoirreal\xennonclone\game\x64\debug\player.obj
c:\users\diogo\documents\github\engenhoirreal\xennonclone\game\x64\debug\loner.obj
c:\users\diogo\documents\github\engenhoirreal\xennonclone\game\x64\debug\homingmissile.obj
c:\users\diogo\documents\github\engenhoirreal\xennonclone\game\x64\debug\explosion.obj
c:\users\diogo\documents\github\engenhoirreal\xennonclone\game\x64\debug\enemymanager.obj
c:\users\diogo\documents\github\engenhoirreal\xennonclone\game\x64\debug\enemy.obj
c:\users\diogo\documents\github\engenhoirreal\xennonclone\game\x64\debug\bullet.obj
c:\users\diogo\documents\github\engenhoirreal\xennonclone\x64\debug\xennonclone.pdb
c:\users\diogo\documents\github\engenhoirreal\xennonclone\game\x64\debug\xennonclone.tlog\cl.command.1.tlog
c:\users\diogo\documents\github\engenhoirreal\xennonclone\game\x64\debug\xennonclone.tlog\cl.read.1.tlog
c:\users\diogo\documents\github\engenhoirreal\xennonclone\game\x64\debug\xennonclone.tlog\cl.write.1.tlog
c:\users\diogo\documents\github\engenhoirreal\xennonclone\game\x64\debug\xennonclone.tlog\link-cvtres.read.1.tlog
c:\users\diogo\documents\github\engenhoirreal\xennonclone\game\x64\debug\xennonclone.tlog\link-cvtres.write.1.tlog
c:\users\diogo\documents\github\engenhoirreal\xennonclone\game\x64\debug\xennonclone.tlog\link-rc.read.1.tlog
c:\users\diogo\documents\github\engenhoirreal\xennonclone\game\x64\debug\xennonclone.tlog\link-rc.write.1.tlog
c:\users\diogo\documents\github\engenhoirreal\xennonclone\game\x64\debug\xennonclone.tlog\link.13504-cvtres.read.1.tlog
c:\users\diogo\documents\github\engenhoirreal\xennonclone\game\x64\debug\xennonclone.tlog\link.13504-cvtres.write.1.tlog
c:\users\diogo\documents\github\engenhoirreal\xennonclone\game\x64\debug\xennonclone.tlog\link.13504-rc.read.1.tlog
c:\users\diogo\documents\github\engenhoirreal\xennonclone\game\x64\debug\xennonclone.tlog\link.13504-rc.write.1.tlog
c:\users\diogo\documents\github\engenhoirreal\xennonclone\game\x64\debug\xennonclone.tlog\link.13504.read.1.tlog
c:\users\diogo\documents\github\engenhoirreal\xennonclone\game\x64\debug\xennonclone.tlog\link.13504.read.2.tlog
c:\users\diogo\documents\github\engenhoirreal\xennonclone\game\x64\debug\xennonclone.tlog\link.13504.write.1.tlog
c:\users\diogo\documents\github\engenhoirreal\xennonclone\game\x64\debug\xennonclone.tlog\link.command.1.tlog
c:\users\diogo\documents\github\engenhoirreal\xennonclone\game\x64\debug\xennonclone.tlog\link.read.1.tlog
c:\users\diogo\documents\github\engenhoirreal\xennonclone\game\x64\debug\xennonclone.tlog\link.read.2.tlog
c:\users\diogo\documents\github\engenhoirreal\xennonclone\game\x64\debug\xennonclone.tlog\link.write.1.tlog
